[debug] [2023-08-01T23:37:17.478Z] ----------------------------------------------------------------------
[debug] [2023-08-01T23:37:17.480Z] Command:       /usr/local/bin/node /usr/local/bin/firebase deploy
[debug] [2023-08-01T23:37:17.480Z] CLI Version:   10.6.0
[debug] [2023-08-01T23:37:17.480Z] Platform:      darwin
[debug] [2023-08-01T23:37:17.481Z] Node Version:  v16.14.2
[debug] [2023-08-01T23:37:17.518Z] Time:          Wed Aug 02 2023 00:37:17 GMT+0100 (British Summer Time)
[debug] [2023-08-01T23:37:17.519Z] ----------------------------------------------------------------------
[debug] 
[debug] [2023-08-01T23:37:17.521Z] >>> [apiv2][query] GET https://firebase-public.firebaseio.com/cli.json [none]
[debug] [2023-08-01T23:37:17.596Z] > command requires scopes: ["email","openid","https://www.googleapis.com/auth/cloudplatformprojects.readonly","https://www.googleapis.com/auth/firebase","https://www.googleapis.com/auth/cloud-platform"]
[debug] [2023-08-01T23:37:17.596Z] > authorizing via signed-in user (xuyu1013@gmail.com)
[debug] [2023-08-01T23:37:17.596Z] [iam] checking project omicspred-afdcc for permissions ["firebase.projects.get","firebasehosting.sites.update"]
[debug] [2023-08-01T23:37:17.597Z] > refreshing access token with scopes: []
[debug] [2023-08-01T23:37:17.597Z] >>> HTTP REQUEST POST https://www.googleapis.com/oauth2/v3/token  
 <request body omitted>
[debug] [2023-08-01T23:37:17.676Z] <<< HTTP RESPONSE 200 {"pragma":"no-cache","date":"Tue, 01 Aug 2023 23:37:19 GMT","expires":"Mon, 01 Jan 1990 00:00:00 GMT","cache-control":"no-cache, no-store, max-age=0, must-revalidate","content-type":"application/json; charset=utf-8","vary":"X-Origin, Referer, Origin,Accept-Encoding","server":"scaffolding on HTTPServer2","x-xss-protection":"0","x-frame-options":"SAMEORIGIN","x-content-type-options":"nosniff","alt-svc":"h3=\":443\"; ma=2592000,h3-29=\":443\"; ma=2592000","accept-ranges":"none","transfer-encoding":"chunked"}
[debug] [2023-08-01T23:37:17.777Z] >>> [apiv2][query] POST https://cloudresourcemanager.googleapis.com/v1/projects/omicspred-afdcc:testIamPermissions [none]
[debug] [2023-08-01T23:37:17.777Z] >>> [apiv2][body] POST https://cloudresourcemanager.googleapis.com/v1/projects/omicspred-afdcc:testIamPermissions {"permissions":["firebase.projects.get","firebasehosting.sites.update"]}
[debug] [2023-08-01T23:37:17.888Z] <<< [apiv2][status] GET https://firebase-public.firebaseio.com/cli.json 200
[debug] [2023-08-01T23:37:17.888Z] <<< [apiv2][body] GET https://firebase-public.firebaseio.com/cli.json {"cloudBuildErrorAfter":1594252800000,"cloudBuildWarnAfter":1590019200000,"defaultNode10After":1594252800000,"minVersion":"3.0.5","node8DeploysDisabledAfter":1613390400000,"node8RuntimeDisabledAfter":1615809600000,"node8WarnAfter":1600128000000}
[debug] [2023-08-01T23:37:18.549Z] <<< [apiv2][status] POST https://cloudresourcemanager.googleapis.com/v1/projects/omicspred-afdcc:testIamPermissions 200
[debug] [2023-08-01T23:37:18.549Z] <<< [apiv2][body] POST https://cloudresourcemanager.googleapis.com/v1/projects/omicspred-afdcc:testIamPermissions {"permissions":["firebase.projects.get","firebasehosting.sites.update"]}
[debug] [2023-08-01T23:37:18.550Z] >>> [apiv2][query] GET https://firebase.googleapis.com/v1beta1/projects/omicspred-afdcc [none]
[debug] [2023-08-01T23:37:18.797Z] <<< [apiv2][status] GET https://firebase.googleapis.com/v1beta1/projects/omicspred-afdcc 200
[debug] [2023-08-01T23:37:18.797Z] <<< [apiv2][body] GET https://firebase.googleapis.com/v1beta1/projects/omicspred-afdcc {"projectId":"omicspred-afdcc","projectNumber":"211184911275","displayName":"OmicsPred","name":"projects/omicspred-afdcc","resources":{"hostingSite":"omicspred-afdcc"},"state":"ACTIVE","etag":"1_0c9bc72b-3a09-4e71-96c8-6153f1c81c71"}
[info] 
[info] === Deploying to 'omicspred-afdcc'...
[info] 
[info] i  deploying hosting 
[debug] [2023-08-01T23:37:18.799Z] >>> [apiv2][query] GET https://firebase.googleapis.com/v1beta1/projects/omicspred-afdcc [none]
[debug] [2023-08-01T23:37:18.999Z] <<< [apiv2][status] GET https://firebase.googleapis.com/v1beta1/projects/omicspred-afdcc 200
[debug] [2023-08-01T23:37:18.999Z] <<< [apiv2][body] GET https://firebase.googleapis.com/v1beta1/projects/omicspred-afdcc {"projectId":"omicspred-afdcc","projectNumber":"211184911275","displayName":"OmicsPred","name":"projects/omicspred-afdcc","resources":{"hostingSite":"omicspred-afdcc"},"state":"ACTIVE","etag":"1_0c9bc72b-3a09-4e71-96c8-6153f1c81c71"}
[debug] [2023-08-01T23:37:19.000Z] >>> [apiv2][query] POST https://firebasehosting.googleapis.com/v1beta1/projects/211184911275/sites/omicspred-afdcc/versions [none]
[debug] [2023-08-01T23:37:19.000Z] >>> [apiv2][body] POST https://firebasehosting.googleapis.com/v1beta1/projects/211184911275/sites/omicspred-afdcc/versions {"config":{"rewrites":[{"glob":"**","path":"/index.html"}]},"labels":{"deployment-tool":"cli-firebase"}}
[debug] [2023-08-01T23:37:20.131Z] <<< [apiv2][status] POST https://firebasehosting.googleapis.com/v1beta1/projects/211184911275/sites/omicspred-afdcc/versions 200
[debug] [2023-08-01T23:37:20.131Z] <<< [apiv2][body] POST https://firebasehosting.googleapis.com/v1beta1/projects/211184911275/sites/omicspred-afdcc/versions {"name":"projects/211184911275/sites/omicspred-afdcc/versions/9ff40e3e169bae4f","status":"CREATED","config":{"rewrites":[{"glob":"**","path":"/index.html"}]},"labels":{"deployment-tool":"cli-firebase"}}
[info] i  hosting[omicspred-afdcc]: beginning deploy... 
[info] i  hosting[omicspred-afdcc]: found 31 files in build 
[debug] [2023-08-01T23:37:20.143Z] [hosting] uploading with 200 concurrency
